<?xml version="1.0" encoding="UTF-8"?>
<testng-results ignored="0" total="2" passed="2" failed="0" skipped="0">
  <reporter-output>
  </reporter-output>
  <suite started-at="2023-10-26T12:17:39 EDT" name="Default suite" finished-at="2023-10-26T12:17:39 EDT" duration-ms="58">
    <groups>
    </groups>
    <test started-at="2023-10-26T12:17:39 EDT" name="Default test" finished-at="2023-10-26T12:17:39 EDT" duration-ms="58">
      <class name="ui.Login">
        <test-method is-config="true" signature="loginToApplication()[pri:0, instance:ui.Login@7ac296f6]" started-at="2023-10-26T12:17:39 EDT" name="loginToApplication" finished-at="2023-10-26T12:17:39 EDT" duration-ms="11" status="PASS">
          <reporter-output>
          </reporter-output>
        </test-method> <!-- loginToApplication -->
        <test-method is-config="true" signature="connectToDB()[pri:0, instance:ui.Login@7ac296f6]" started-at="2023-10-26T12:17:39 EDT" name="connectToDB" finished-at="2023-10-26T12:17:39 EDT" duration-ms="0" status="PASS">
          <reporter-output>
          </reporter-output>
        </test-method> <!-- connectToDB -->
        <test-method signature="loginTest()[pri:1, instance:ui.Login@7ac296f6]" started-at="2023-10-26T12:17:39 EDT" name="loginTest" description="This is Login test" finished-at="2023-10-26T12:17:39 EDT" duration-ms="5" status="PASS">
          <reporter-output>
          </reporter-output>
        </test-method> <!-- loginTest -->
        <test-method is-config="true" signature="disconnectToDB()[pri:0, instance:ui.Login@7ac296f6]" started-at="2023-10-26T12:17:39 EDT" name="disconnectToDB" finished-at="2023-10-26T12:17:39 EDT" duration-ms="0" status="PASS">
          <reporter-output>
          </reporter-output>
        </test-method> <!-- disconnectToDB -->
        <test-method signature="logoutTest()[pri:2, instance:ui.Login@7ac296f6]" started-at="2023-10-26T12:17:39 EDT" name="logoutTest" description="This is Logout test" finished-at="2023-10-26T12:17:39 EDT" duration-ms="2" status="PASS">
          <reporter-output>
          </reporter-output>
        </test-method> <!-- logoutTest -->
        <test-method is-config="true" signature="connectToDB()[pri:0, instance:ui.Login@7ac296f6]" started-at="2023-10-26T12:17:39 EDT" name="connectToDB" finished-at="2023-10-26T12:17:39 EDT" duration-ms="0" status="PASS">
          <reporter-output>
          </reporter-output>
        </test-method> <!-- connectToDB -->
        <test-method is-config="true" signature="logoutToApplication()[pri:0, instance:ui.Login@7ac296f6]" started-at="2023-10-26T12:17:39 EDT" name="logoutToApplication" finished-at="2023-10-26T12:17:39 EDT" duration-ms="1" status="PASS">
          <reporter-output>
          </reporter-output>
        </test-method> <!-- logoutToApplication -->
        <test-method is-config="true" signature="disconnectToDB()[pri:0, instance:ui.Login@7ac296f6]" started-at="2023-10-26T12:17:39 EDT" name="disconnectToDB" finished-at="2023-10-26T12:17:39 EDT" duration-ms="0" status="PASS">
          <reporter-output>
          </reporter-output>
        </test-method> <!-- disconnectToDB -->
      </class> <!-- ui.Login -->
    </test> <!-- Default test -->
  </suite> <!-- Default suite -->
</testng-results>
