<?xml version="1.0" encoding="UTF-8"?>
<testng-results total="2" passed="2" failed="0" skipped="0">
  <reporter-output>
  </reporter-output>
  <suite started-at="2023-10-26T16:32:41Z" name="Suite" finished-at="2023-10-26T16:32:41Z" duration-ms="13">
    <groups>
    </groups>
    <test started-at="2023-10-26T16:32:41Z" name="Test" finished-at="2023-10-26T16:32:41Z" duration-ms="13">
      <class name="ui.Login">
        <test-method is-config="true" signature="loginToApplication()[pri:0, instance:ui.Login@222545dc]" started-at="2023-10-26T12:32:41Z" name="loginToApplication" finished-at="2023-10-26T12:32:41Z" duration-ms="5" status="PASS">
          <reporter-output>
          </reporter-output>
        </test-method> <!-- loginToApplication -->
        <test-method signature="loginTest()[pri:0, instance:ui.Login@222545dc]" started-at="2023-10-26T12:32:41Z" name="loginTest" description="This is Login test" finished-at="2023-10-26T12:32:41Z" duration-ms="0" status="PASS">
          <reporter-output>
          </reporter-output>
        </test-method> <!-- loginTest -->
        <test-method is-config="true" signature="connectToDB()[pri:0, instance:ui.Login@222545dc]" started-at="2023-10-26T12:32:41Z" name="connectToDB" finished-at="2023-10-26T12:32:41Z" duration-ms="0" status="PASS">
          <reporter-output>
          </reporter-output>
        </test-method> <!-- connectToDB -->
        <test-method is-config="true" signature="disconnectToDB()[pri:0, instance:ui.Login@222545dc]" started-at="2023-10-26T12:32:41Z" name="disconnectToDB" finished-at="2023-10-26T12:32:41Z" duration-ms="0" status="PASS">
          <reporter-output>
          </reporter-output>
        </test-method> <!-- disconnectToDB -->
        <test-method is-config="true" signature="connectToDB()[pri:0, instance:ui.Login@222545dc]" started-at="2023-10-26T12:32:41Z" name="connectToDB" finished-at="2023-10-26T12:32:41Z" duration-ms="0" status="PASS">
          <reporter-output>
          </reporter-output>
        </test-method> <!-- connectToDB -->
        <test-method is-config="true" signature="disconnectToDB()[pri:0, instance:ui.Login@222545dc]" started-at="2023-10-26T12:32:41Z" name="disconnectToDB" finished-at="2023-10-26T12:32:41Z" duration-ms="0" status="PASS">
          <reporter-output>
          </reporter-output>
        </test-method> <!-- disconnectToDB -->
        <test-method signature="logoutTest()[pri:0, instance:ui.Login@222545dc]" started-at="2023-10-26T12:32:41Z" name="logoutTest" description="This is Logout test" finished-at="2023-10-26T12:32:41Z" duration-ms="0" status="PASS">
          <reporter-output>
          </reporter-output>
        </test-method> <!-- logoutTest -->
        <test-method is-config="true" signature="logoutToApplication()[pri:0, instance:ui.Login@222545dc]" started-at="2023-10-26T12:32:41Z" name="logoutToApplication" finished-at="2023-10-26T12:32:41Z" duration-ms="0" status="PASS">
          <reporter-output>
          </reporter-output>
        </test-method> <!-- logoutToApplication -->
      </class> <!-- ui.Login -->
    </test> <!-- Test -->
  </suite> <!-- Suite -->
</testng-results>
